<?xml version="1.0" encoding="UTF-8"?>
<!-- Generated by org.testng.reporters.JUnitReportReporter -->
<testsuite hostname="LAPTOP-1AB76RU1" failures="0" tests="3" name="conceptTestNg.GroupingClass" time="0.011" errors="0" timestamp="2023-08-30T14:19:38 IST" skipped="0">
  <testcase classname="conceptTestNg.GroupingClass" name="b" time="0.009"/>
  <system-out/>
  <testcase classname="conceptTestNg.GroupingClass" name="c" time="0.001"/>
  <system-out/>
  <testcase classname="conceptTestNg.GroupingClass" name="d" time="0.001"/>
  <system-out/>
</testsuite> <!-- conceptTestNg.GroupingClass -->
