<?xml version="1.0" encoding="UTF-8"?>
<!-- Generated by org.testng.reporters.JUnitReportReporter -->
<testsuite hostname="LAPTOP-1AB76RU1" failures="0" tests="3" name="conceptTestNg.FbTestDataProviderClass" time="30.553" errors="0" timestamp="2023-10-28T18:14:52 IST" skipped="0">
  <testcase classname="conceptTestNg.FbTestDataProviderClass" name="testData" time="8.804"/>
  <system-out/>
  <testcase classname="conceptTestNg.FbTestDataProviderClass" name="testData" time="9.860"/>
  <system-out/>
  <testcase classname="conceptTestNg.FbTestDataProviderClass" name="testData" time="11.889"/>
  <system-out/>
</testsuite> <!-- conceptTestNg.FbTestDataProviderClass -->
