<?xml version="1.0" encoding="UTF-8"?>
<!-- Generated by org.testng.reporters.JUnitReportReporter -->
<testsuite hostname="LAPTOP-1AB76RU1" failures="0" tests="2" name="conceptTestNg.GroupingTestNg1" time="0.003" errors="0" timestamp="2023-08-30T14:19:38 IST" skipped="0">
  <testcase classname="conceptTestNg.GroupingTestNg1" name="s" time="0.002"/>
  <system-out/>
  <testcase classname="conceptTestNg.GroupingTestNg1" name="p" time="0.001"/>
  <system-out/>
</testsuite> <!-- conceptTestNg.GroupingTestNg1 -->
