<?xml version="1.0" encoding="UTF-8"?>
<!-- Generated by org.testng.reporters.JUnitReportReporter -->
<testsuite hostname="LAPTOP-1AB76RU1" failures="0" tests="1" name="internetPackage.Flipkart" time="14.472" errors="0" timestamp="2023-08-30T14:20:05 IST" skipped="0">
  <testcase classname="internetPackage.Flipkart" name="flipdata" time="14.472"/>
  <system-out>
    <![CDATA[Flipkart open]]>
  </system-out>
</testsuite> <!-- internetPackage.Flipkart -->
