<?xml version="1.0" encoding="UTF-8"?>
<!-- Generated by org.testng.reporters.JUnitReportReporter -->
<testsuite hostname="LAPTOP-1AB76RU1" failures="0" tests="2" name="listenerPackage.ListenerTestClass1" time="0.004" errors="0" timestamp="2023-08-30T22:15:45 IST" skipped="0">
  <testcase classname="listenerPackage.ListenerTestClass1" name="q" time="0.002"/>
  <system-out>
    <![CDATA[test case q started
Q method
test case is q success]]>
  </system-out>
  <testcase classname="listenerPackage.ListenerTestClass1" name="p" time="0.002"/>
  <system-out>
    <![CDATA[test case p started
P method
test case is p success]]>
  </system-out>
</testsuite> <!-- listenerPackage.ListenerTestClass1 -->
