<?xml version="1.0" encoding="UTF-8"?>
<!-- Generated by org.testng.reporters.JUnitReportReporter -->
<testsuite hostname="LAPTOP-1AB76RU1" failures="0" tests="3" name="listenerPackage.ListenerTestClass" time="0.015" errors="0" timestamp="2023-08-30T22:15:45 IST" skipped="0">
  <testcase classname="listenerPackage.ListenerTestClass" name="methodC" time="0.001"/>
  <system-out>
    <![CDATA[test case methodC started
this is C method
test case is methodC success]]>
  </system-out>
  <testcase classname="listenerPackage.ListenerTestClass" name="methodB" time="0.001"/>
  <system-out>
    <![CDATA[test case methodB started
this is B method
test case is methodB success]]>
  </system-out>
  <testcase classname="listenerPackage.ListenerTestClass" name="methodA" time="0.013"/>
  <system-out>
    <![CDATA[test case methodA started
this is A method
test case is methodA success]]>
  </system-out>
</testsuite> <!-- listenerPackage.ListenerTestClass -->
